[38;5;8m2022-10-07 21:24:00[0m [I] [38;5;78;1mapp[0m [38;5;15;1mKoishi/4.9.4[0m
[38;5;8m2022-10-07 21:24:00[0m [I] [38;5;78;1mapp[0m apply plugin [38;5;78mgroup:entry[0m
[38;5;8m2022-10-07 21:24:00[0m [I] [38;5;78;1mapp[0m apply plugin [38;5;78mgroup:basic[0m
[38;5;8m2022-10-07 21:24:00[0m [I] [38;5;78;1mapp[0m apply plugin [38;5;78msuggest[0m
[38;5;8m2022-10-07 21:24:00[0m [I] [38;5;78;1mapp[0m apply plugin [38;5;78mgroup:console[0m
[38;5;8m2022-10-07 21:24:00[0m [I] [38;5;78;1mapp[0m apply plugin [38;5;78mconsole[0m
[38;5;8m2022-10-07 21:24:00[0m [I] [38;5;78;1mapp[0m apply plugin [38;5;78mhelp[0m
[38;5;8m2022-10-07 21:24:00[0m [I] [38;5;78;1mapp[0m apply plugin [38;5;78minsight[0m
[38;5;8m2022-10-07 21:24:00[0m [I] [38;5;78;1mapp[0m apply plugin [38;5;78mmarket[0m
[38;5;8m2022-10-07 21:24:00[0m [I] [38;5;78;1mapp[0m apply plugin [38;5;78msandbox[0m
[38;5;8m2022-10-07 21:24:00[0m [I] [38;5;78;1mapp[0m apply plugin [38;5;78mstatus[0m
[38;5;8m2022-10-07 21:24:00[0m [I] [38;5;78;1mapp[0m apply plugin [38;5;78mgroup:adapter[0m
[38;5;8m2022-10-07 21:24:00[0m [I] [38;5;78;1mapp[0m apply plugin [38;5;78mlogger[0m
[38;5;8m2022-10-07 21:24:00[0m [I] [38;5;78;1mapp[0m apply plugin [38;5;78mgocqhttp[0m
[38;5;8m2022-10-07 21:24:00[0m [I] [38;5;78;1mapp[0m server listening at [38;5;78mhttp://localhost:5141[0m
[38;5;8m2022-10-07 21:24:06[0m [W] [38;5;178;1mmarket[0m maxContentLength size of -1 exceeded
[38;5;8m2022-10-07 21:25:51[0m [I] [38;5;78;1mapp[0m [38;5;15;1mKoishi/4.9.4[0m
[38;5;8m2022-10-07 21:25:51[0m [I] [38;5;78;1mapp[0m apply plugin [38;5;78mgroup:basic[0m
[38;5;8m2022-10-07 21:25:51[0m [I] [38;5;78;1mapp[0m apply plugin [38;5;78mgroup:entry[0m
[38;5;8m2022-10-07 21:25:51[0m [I] [38;5;78;1mapp[0m apply plugin [38;5;78mhelp[0m
[38;5;8m2022-10-07 21:25:51[0m [I] [38;5;78;1mapp[0m apply plugin [38;5;78msuggest[0m
[38;5;8m2022-10-07 21:25:51[0m [I] [38;5;78;1mapp[0m apply plugin [38;5;78mgroup:console[0m
[38;5;8m2022-10-07 21:25:51[0m [I] [38;5;78;1mapp[0m apply plugin [38;5;78mconsole[0m
[38;5;8m2022-10-07 21:25:51[0m [I] [38;5;78;1mapp[0m apply plugin [38;5;78mlogger[0m
[38;5;8m2022-10-07 21:25:51[0m [I] [38;5;78;1mapp[0m apply plugin [38;5;78minsight[0m
[38;5;8m2022-10-07 21:25:51[0m [I] [38;5;78;1mapp[0m apply plugin [38;5;78mmarket[0m
[38;5;8m2022-10-07 21:25:51[0m [I] [38;5;78;1mapp[0m apply plugin [38;5;78msandbox[0m
[38;5;8m2022-10-07 21:25:51[0m [I] [38;5;78;1mapp[0m apply plugin [38;5;78mstatus[0m
[38;5;8m2022-10-07 21:25:51[0m [I] [38;5;78;1mapp[0m apply plugin [38;5;78mgroup:adapter[0m
[38;5;8m2022-10-07 21:25:51[0m [I] [38;5;78;1mapp[0m apply plugin [38;5;78mgocqhttp[0m
[38;5;8m2022-10-07 21:25:51[0m [I] [38;5;78;1mapp[0m server listening at [38;5;78mhttp://localhost:5141[0m
[38;5;8m2022-10-07 21:33:22[0m [I] [38;5;78;1mapp[0m [38;5;15;1mKoishi/4.9.4[0m
[38;5;8m2022-10-07 21:33:22[0m [I] [38;5;78;1mapp[0m apply plugin [38;5;78mgroup:entry[0m
[38;5;8m2022-10-07 21:33:22[0m [I] [38;5;78;1mapp[0m apply plugin [38;5;78mgroup:basic[0m
[38;5;8m2022-10-07 21:33:22[0m [I] [38;5;78;1mapp[0m apply plugin [38;5;78mhelp[0m
[38;5;8m2022-10-07 21:33:22[0m [I] [38;5;78;1mapp[0m apply plugin [38;5;78msuggest[0m
[38;5;8m2022-10-07 21:33:22[0m [I] [38;5;78;1mapp[0m apply plugin [38;5;78mgroup:console[0m
[38;5;8m2022-10-07 21:33:22[0m [I] [38;5;78;1mapp[0m apply plugin [38;5;78mconsole[0m
[38;5;8m2022-10-07 21:33:22[0m [I] [38;5;78;1mapp[0m apply plugin [38;5;78mlogger[0m
[38;5;8m2022-10-07 21:33:22[0m [I] [38;5;78;1mapp[0m apply plugin [38;5;78minsight[0m
[38;5;8m2022-10-07 21:33:22[0m [I] [38;5;78;1mapp[0m apply plugin [38;5;78mmarket[0m
[38;5;8m2022-10-07 21:33:23[0m [I] [38;5;78;1mapp[0m apply plugin [38;5;78msandbox[0m
[38;5;8m2022-10-07 21:33:23[0m [I] [38;5;78;1mapp[0m apply plugin [38;5;78mstatus[0m
[38;5;8m2022-10-07 21:33:23[0m [I] [38;5;78;1mapp[0m apply plugin [38;5;78mgroup:adapter[0m
[38;5;8m2022-10-07 21:33:23[0m [I] [38;5;78;1mapp[0m apply plugin [38;5;78mgocqhttp[0m
[38;5;8m2022-10-07 21:33:23[0m [I] [38;5;78;1mapp[0m server listening at [38;5;78mhttp://localhost:5140[0m
[38;5;8m2022-10-07 21:33:25[0m [I] [38;5;78;1mapp[0m unload plugin [38;5;78mhelp[0m
[38;5;8m2022-10-07 21:33:25[0m [I] [38;5;78;1mapp[0m unload plugin [38;5;78msuggest[0m
[38;5;8m2022-10-07 21:33:25[0m [I] [38;5;78;1mapp[0m apply plugin [38;5;78mmarket[0m
[38;5;8m2022-10-07 21:33:25[0m [I] [38;5;78;1mapp[0m apply plugin [38;5;78madapter-onebot[0m
[38;5;8m2022-10-07 21:33:25[0m [I] [38;5;78;1mapp[0m apply plugin [38;5;78mdatabase-mysql[0m
[38;5;8m2022-10-07 21:33:25[0m [E] [38;5;78;1mapp[0m cannot resolve plugin "database-mysql"
[38;5;8m2022-10-07 21:33:25[0m [I] [38;5;78;1mapp[0m apply plugin [38;5;78mconsole[0m
